[31/Aug/2020:12:26:33] (I): WordPress Instance Info:
[31/Aug/2020:12:26:33] (I): Home URL : http://35.237.129.45
[31/Aug/2020:12:26:33] (I): Site URL : http://35.237.129.45
[31/Aug/2020:12:26:33] (I): WordPress Version : 5.5
[31/Aug/2020:12:26:33] (I): Onboarding Version : 1.0.9
[31/Aug/2020:12:26:33] (I): Multisite : No
[31/Aug/2020:12:26:33] (I): Server Info : Apache/2.4.38 (Debian)
[31/Aug/2020:12:26:33] (I): PHP Version : 7.4.9
[31/Aug/2020:12:26:33] (I): HTTPS : No
[31/Aug/2020:12:26:33] (I): PHP Max Execution Time : 30
[31/Aug/2020:12:26:33] (I): PHP Max Input Vars : 1000
[31/Aug/2020:12:26:33] (I): Max Upload Size : 2097152
[31/Aug/2020:12:26:33] (I): Plugins:
[31/Aug/2020:12:26:33] (I): [PLUGIN] Akismet Anti-Spam : v4.1.6 (Automattic)
[31/Aug/2020:12:26:33] (I): [PLUGIN] Bukza : v2.0.0 (Bukza)
[31/Aug/2020:12:26:33] (I): [PLUGIN] Elementor : v3.0.3 (Elementor.com)
[31/Aug/2020:12:26:33] (I): [PLUGIN] Essential Addons for Elementor : v4.2.2 (WPDeveloper)
[31/Aug/2020:12:26:33] (I): [PLUGIN] Estatik : v3.9.6 (Estatik)
[31/Aug/2020:12:26:33] (I): [PLUGIN] Facebook for WooCommerce : v2.0.1 (Facebook)
[31/Aug/2020:12:26:33] (I): [PLUGIN] Google Ads pour WooCommerce : v1.0.4 (Kliken)
[31/Aug/2020:12:26:33] (I): [PLUGIN] Mailchimp for WooCommerce : v2.4.5 (Mailchimp)
[31/Aug/2020:12:26:33] (I): [PLUGIN] Gutenberg Blocks and Template Library by Otter : v1.5.7 (ThemeIsle)
[31/Aug/2020:12:26:33] (I): [PLUGIN] Templately : v1.1.2 (Templately)
[31/Aug/2020:12:26:33] (I): [PLUGIN] Templates Patterns Collection : v1.0.9 (ThemeIsle)
[31/Aug/2020:12:26:33] (I): [PLUGIN] Orbit Fox Companion : v2.9.16 (Themeisle)
[31/Aug/2020:12:26:33] (I): [PLUGIN] WooCommerce : v4.4.1 (Automattic)
[31/Aug/2020:12:26:33] (I): [PLUGIN] Yoast SEO : v14.8.1 (Team Yoast)
